Building DAG of jobs...
Using shell: /usr/bin/bash
Provided cluster nodes: 5
Job stats:
job        count    min threads    max threads
-------  -------  -------------  -------------
all            1              1              1
extract     3587              1              1
total       3588              1              1

Select jobs to execute...

[Tue Jul 30 09:41:36 2024]
rule extract:
    input: /gpfs/commons/groups/knowles_lab/data/ADSP_reguloML/eQTL/microglia_GENCODE_expression_full_assoc.tsv.gz
    output: /gpfs/commons/groups/knowles_lab/data/ADSP_reguloML/eQTL/microglia/gene/ENSG00000165810.17_sumstats_hg38.gz
    jobid: 2604
    wildcards: gene=ENSG00000165810.17
    resources: tmpdir=/scratch

Submitted job 2604 with external jobid 'Submitted batch job 46968041'.

[Tue Jul 30 09:41:36 2024]
rule extract:
    input: /gpfs/commons/groups/knowles_lab/data/ADSP_reguloML/eQTL/microglia_GENCODE_expression_full_assoc.tsv.gz
    output: /gpfs/commons/groups/knowles_lab/data/ADSP_reguloML/eQTL/microglia/gene/ENSG00000259182.5_sumstats_hg38.gz
    jobid: 6366
    wildcards: gene=ENSG00000259182.5
    resources: tmpdir=/scratch

Submitted job 6366 with external jobid 'Submitted batch job 46968042'.

[Tue Jul 30 09:41:36 2024]
rule extract:
    input: /gpfs/commons/groups/knowles_lab/data/ADSP_reguloML/eQTL/microglia_GENCODE_expression_full_assoc.tsv.gz
    output: /gpfs/commons/groups/knowles_lab/data/ADSP_reguloML/eQTL/microglia/gene/ENSG00000104953.20_sumstats_hg38.gz
    jobid: 7836
    wildcards: gene=ENSG00000104953.20
    resources: tmpdir=/scratch

Submitted job 7836 with external jobid 'Submitted batch job 46968043'.

[Tue Jul 30 09:41:36 2024]
rule extract:
    input: /gpfs/commons/groups/knowles_lab/data/ADSP_reguloML/eQTL/microglia_GENCODE_expression_full_assoc.tsv.gz
    output: /gpfs/commons/groups/knowles_lab/data/ADSP_reguloML/eQTL/microglia/gene/ENSG00000270299.1_sumstats_hg38.gz
    jobid: 8676
    wildcards: gene=ENSG00000270299.1
    resources: tmpdir=/scratch

Submitted job 8676 with external jobid 'Submitted batch job 46968044'.

[Tue Jul 30 09:41:36 2024]
rule extract:
    input: /gpfs/commons/groups/knowles_lab/data/ADSP_reguloML/eQTL/microglia_GENCODE_expression_full_assoc.tsv.gz
    output: /gpfs/commons/groups/knowles_lab/data/ADSP_reguloML/eQTL/microglia/gene/ENSG00000140090.18_sumstats_hg38.gz
    jobid: 5916
    wildcards: gene=ENSG00000140090.18
    resources: tmpdir=/scratch

Submitted job 5916 with external jobid 'Submitted batch job 46968045'.
Terminating processes on user request, this might take some time.
Will exit after finishing currently running jobs.
Cancelling snakemake on user request.
